<?xml version="1.0" encoding="UTF-8"?>
<beans xmlns="http://www.springframework.org/schema/beans"
	xmlns:context="http://www.springframework.org/schema/context"
	xmlns:xsi="http://www.w3.org/2001/XMLSchema-instance" xmlns:jaxws="http://cxf.apache.org/jaxws"
	xmlns:cxf="http://cxf.apache.org/core" xmlns:http-conf="http://cxf.apache.org/transports/http/configuration"
	xmlns:util="http://www.springframework.org/schema/util"
	xsi:schemaLocation="
 http://www.springframework.org/schema/beans
 http://www.springframework.org/schema/beans/spring-beans-4.0.xsd
 http://www.springframework.org/schema/context
 http://www.springframework.org/schema/context/spring-context-4.0.xsd
 http://www.springframework.org/schema/util 
 http://www.springframework.org/schema/util/spring-util-4.0.xsd
 http://cxf.apache.org/jaxws
 http://cxf.apache.org/schemas/jaxws.xsd
 http://cxf.apache.org/transports/http/configuration
 http://cxf.apache.org/schemas/configuration/http-conf.xsd
 http://cxf.apache.org/core 
 http://cxf.apache.org/schemas/core.xsd">

	<import resource="classpath:META-INF/cxf/cxf.xml" />

	<bean id="loggingFeature" class="org.apache.cxf.feature.LoggingFeature">
		<property name="prettyLogging" value="true" />
	</bean>

	<cxf:bus>
		<cxf:features>
			<ref bean="loggingFeature" />
		</cxf:features>
	</cxf:bus>

	<jaxws:endpoint id="endpointByteOperations" implementor="pl.ljader.test.cxf.base64.ByteOperationsImpl"
		wsdlLocation="wsdl/ByteOperationsService.wsdl" address="/ByteOperationsService">
	</jaxws:endpoint>
</beans>